<?xml version="1.0" encoding="UTF-8"?>
<testsuite name="AddressRepositoryTest" tests="1" skipped="0" failures="0" errors="0" timestamp="2022-11-03T15:00:51" hostname="Oanas-MacBook-Pro.local" time="0.73">
  <properties/>
  <testcase name="getByIdAddressTest()" classname="AddressRepositoryTest" time="0.73"/>
  <system-out><![CDATA[]]></system-out>
  <system-err><![CDATA[]]></system-err>
</testsuite>
