<?xml version="1.0" encoding="UTF-8"?>
<testsuite name="UserRepositoryTest" tests="4" skipped="0" failures="0" errors="0" timestamp="2022-11-03T18:50:02" hostname="Oanas-MacBook-Pro.local" time="1.381">
  <properties/>
  <testcase name="addUserTest()" classname="UserRepositoryTest" time="1.277"/>
  <testcase name="getAllUsersTest()" classname="UserRepositoryTest" time="0.045"/>
  <testcase name="getUserByEmail()" classname="UserRepositoryTest" time="0.031"/>
  <testcase name="getUserByIdTest()" classname="UserRepositoryTest" time="0.026"/>
  <system-out><![CDATA[]]></system-out>
  <system-err><![CDATA[]]></system-err>
</testsuite>
