<?xml version="1.0" encoding="UTF-8"?>
<testsuite name="UserRepositoryTest" tests="1" skipped="0" failures="0" errors="0" timestamp="2022-12-02T13:50:48" hostname="Oanas-MacBook-Pro.local" time="0.134">
  <properties/>
  <testcase name="runAllTests()" classname="UserRepositoryTest" time="0.134"/>
  <system-out><![CDATA[]]></system-out>
  <system-err><![CDATA[]]></system-err>
</testsuite>
